running egg_info
creating ../../build/example_package/example_package.egg-info
writing ../../build/example_package/example_package.egg-info/PKG-INFO
writing dependency_links to ../../build/example_package/example_package.egg-info/dependency_links.txt
writing entry points to ../../build/example_package/example_package.egg-info/entry_points.txt
writing requirements to ../../build/example_package/example_package.egg-info/requires.txt
writing top-level names to ../../build/example_package/example_package.egg-info/top_level.txt
writing manifest file '../../build/example_package/example_package.egg-info/SOURCES.txt'
reading manifest file '../../build/example_package/example_package.egg-info/SOURCES.txt'
writing manifest file '../../build/example_package/example_package.egg-info/SOURCES.txt'
running build
running build_py
creating /home/ray/Desktop/ROS-workshop/build/example_package/build
creating /home/ray/Desktop/ROS-workshop/build/example_package/build/lib
creating /home/ray/Desktop/ROS-workshop/build/example_package/build/lib/example_package
copying example_package/sub_node.py -> /home/ray/Desktop/ROS-workshop/build/example_package/build/lib/example_package
copying example_package/pub_node.py -> /home/ray/Desktop/ROS-workshop/build/example_package/build/lib/example_package
copying example_package/__init__.py -> /home/ray/Desktop/ROS-workshop/build/example_package/build/lib/example_package
running install
running install_lib
creating /home/ray/Desktop/ROS-workshop/install/example_package/lib/python3.10/site-packages/example_package
copying /home/ray/Desktop/ROS-workshop/build/example_package/build/lib/example_package/sub_node.py -> /home/ray/Desktop/ROS-workshop/install/example_package/lib/python3.10/site-packages/example_package
copying /home/ray/Desktop/ROS-workshop/build/example_package/build/lib/example_package/pub_node.py -> /home/ray/Desktop/ROS-workshop/install/example_package/lib/python3.10/site-packages/example_package
copying /home/ray/Desktop/ROS-workshop/build/example_package/build/lib/example_package/__init__.py -> /home/ray/Desktop/ROS-workshop/install/example_package/lib/python3.10/site-packages/example_package
byte-compiling /home/ray/Desktop/ROS-workshop/install/example_package/lib/python3.10/site-packages/example_package/sub_node.py to sub_node.cpython-310.pyc
byte-compiling /home/ray/Desktop/ROS-workshop/install/example_package/lib/python3.10/site-packages/example_package/pub_node.py to pub_node.cpython-310.pyc
byte-compiling /home/ray/Desktop/ROS-workshop/install/example_package/lib/python3.10/site-packages/example_package/__init__.py to __init__.cpython-310.pyc
running install_data
creating /home/ray/Desktop/ROS-workshop/install/example_package/share/ament_index
creating /home/ray/Desktop/ROS-workshop/install/example_package/share/ament_index/resource_index
creating /home/ray/Desktop/ROS-workshop/install/example_package/share/ament_index/resource_index/packages
copying resource/example_package -> /home/ray/Desktop/ROS-workshop/install/example_package/share/ament_index/resource_index/packages
copying package.xml -> /home/ray/Desktop/ROS-workshop/install/example_package/share/example_package
copying launch/both_nodes.launch.py -> /home/ray/Desktop/ROS-workshop/install/example_package/share/example_package
running install_egg_info
Copying ../../build/example_package/example_package.egg-info to /home/ray/Desktop/ROS-workshop/install/example_package/lib/python3.10/site-packages/example_package-0.0.0-py3.10.egg-info
running install_scripts
Installing pub_node script to /home/ray/Desktop/ROS-workshop/install/example_package/lib/example_package
Installing sub_node script to /home/ray/Desktop/ROS-workshop/install/example_package/lib/example_package
writing list of installed files to '/home/ray/Desktop/ROS-workshop/build/example_package/install.log'
