[0.293s] Invoking command in '/home/ray/Desktop/ROS-workshop/build/urdf_tutorial': CMAKE_PREFIX_PATH=${CMAKE_PREFIX_PATH}:/home/ray/interbotix_ws/install/imu_arm_control:/home/ray/interbotix_ws/install/interbotix_xs_modules:/home/ray/interbotix_ws/install/interbotix_common_modules:/home/ray/interbotix_ws/install/bno055:/opt/ros/humble /usr/bin/cmake /home/ray/Desktop/ROS-workshop/src/urdf_tutorial-ros2 -DCMAKE_INSTALL_PREFIX=/home/ray/Desktop/ROS-workshop/install/urdf_tutorial
[0.364s] -- The C compiler identification is GNU 11.4.0
[0.414s] -- The CXX compiler identification is GNU 11.4.0
[0.420s] -- Detecting C compiler ABI info
[0.479s] -- Detecting C compiler ABI info - done
[0.483s] -- Check for working C compiler: /usr/bin/cc - skipped
[0.483s] -- Detecting C compile features
[0.484s] -- Detecting C compile features - done
[0.486s] -- Detecting CXX compiler ABI info
[0.542s] -- Detecting CXX compiler ABI info - done
[0.547s] -- Check for working CXX compiler: /usr/bin/c++ - skipped
[0.547s] -- Detecting CXX compile features
[0.547s] -- Detecting CXX compile features - done
[0.554s] -- Found ament_cmake: 1.3.12 (/opt/ros/humble/share/ament_cmake/cmake)
[0.673s] -- Found Python3: /usr/bin/python3 (found version "3.10.12") found components: Interpreter 
[0.759s] -- Found ament_lint_auto: 0.12.14 (/opt/ros/humble/share/ament_lint_auto/cmake)
[0.796s] -- Configuring done
[0.797s] -- Generating done
[0.798s] -- Build files have been written to: /home/ray/Desktop/ROS-workshop/build/urdf_tutorial
[0.802s] Invoked command in '/home/ray/Desktop/ROS-workshop/build/urdf_tutorial' returned '0': CMAKE_PREFIX_PATH=${CMAKE_PREFIX_PATH}:/home/ray/interbotix_ws/install/imu_arm_control:/home/ray/interbotix_ws/install/interbotix_xs_modules:/home/ray/interbotix_ws/install/interbotix_common_modules:/home/ray/interbotix_ws/install/bno055:/opt/ros/humble /usr/bin/cmake /home/ray/Desktop/ROS-workshop/src/urdf_tutorial-ros2 -DCMAKE_INSTALL_PREFIX=/home/ray/Desktop/ROS-workshop/install/urdf_tutorial
[0.802s] Invoking command in '/home/ray/Desktop/ROS-workshop/build/urdf_tutorial': CMAKE_PREFIX_PATH=${CMAKE_PREFIX_PATH}:/home/ray/interbotix_ws/install/imu_arm_control:/home/ray/interbotix_ws/install/interbotix_xs_modules:/home/ray/interbotix_ws/install/interbotix_common_modules:/home/ray/interbotix_ws/install/bno055:/opt/ros/humble /usr/bin/cmake --build /home/ray/Desktop/ROS-workshop/build/urdf_tutorial -- -j20 -l20
[0.830s] Invoked command in '/home/ray/Desktop/ROS-workshop/build/urdf_tutorial' returned '0': CMAKE_PREFIX_PATH=${CMAKE_PREFIX_PATH}:/home/ray/interbotix_ws/install/imu_arm_control:/home/ray/interbotix_ws/install/interbotix_xs_modules:/home/ray/interbotix_ws/install/interbotix_common_modules:/home/ray/interbotix_ws/install/bno055:/opt/ros/humble /usr/bin/cmake --build /home/ray/Desktop/ROS-workshop/build/urdf_tutorial -- -j20 -l20
[0.839s] Invoking command in '/home/ray/Desktop/ROS-workshop/build/urdf_tutorial': CMAKE_PREFIX_PATH=${CMAKE_PREFIX_PATH}:/home/ray/interbotix_ws/install/imu_arm_control:/home/ray/interbotix_ws/install/interbotix_xs_modules:/home/ray/interbotix_ws/install/interbotix_common_modules:/home/ray/interbotix_ws/install/bno055:/opt/ros/humble /usr/bin/cmake --install /home/ray/Desktop/ROS-workshop/build/urdf_tutorial
[0.846s] -- Install configuration: ""
[0.846s] -- Installing: /home/ray/Desktop/ROS-workshop/install/urdf_tutorial/share/urdf_tutorial/images
[0.846s] -- Installing: /home/ray/Desktop/ROS-workshop/install/urdf_tutorial/share/urdf_tutorial/images/flexible.png
[0.846s] -- Installing: /home/ray/Desktop/ROS-workshop/install/urdf_tutorial/share/urdf_tutorial/images/myfirst.png
[0.846s] -- Installing: /home/ray/Desktop/ROS-workshop/install/urdf_tutorial/share/urdf_tutorial/images/visual.png
[0.847s] -- Installing: /home/ray/Desktop/ROS-workshop/install/urdf_tutorial/share/urdf_tutorial/images/materials.png
[0.847s] -- Installing: /home/ray/Desktop/ROS-workshop/install/urdf_tutorial/share/urdf_tutorial/images/multipleshapes.png
[0.847s] -- Installing: /home/ray/Desktop/ROS-workshop/install/urdf_tutorial/share/urdf_tutorial/images/origins.png
[0.847s] -- Installing: /home/ray/Desktop/ROS-workshop/install/urdf_tutorial/share/urdf_tutorial/launch
[0.847s] -- Installing: /home/ray/Desktop/ROS-workshop/install/urdf_tutorial/share/urdf_tutorial/launch/source.launch.py
[0.847s] -- Installing: /home/ray/Desktop/ROS-workshop/install/urdf_tutorial/share/urdf_tutorial/launch/display.launch.py
[0.847s] -- Installing: /home/ray/Desktop/ROS-workshop/install/urdf_tutorial/share/urdf_tutorial/meshes
[0.847s] -- Installing: /home/ray/Desktop/ROS-workshop/install/urdf_tutorial/share/urdf_tutorial/meshes/l_finger.dae
[0.847s] -- Installing: /home/ray/Desktop/ROS-workshop/install/urdf_tutorial/share/urdf_tutorial/meshes/l_finger_tip.dae
[0.847s] -- Installing: /home/ray/Desktop/ROS-workshop/install/urdf_tutorial/share/urdf_tutorial/meshes/l_finger_tip_color.png
[0.847s] -- Installing: /home/ray/Desktop/ROS-workshop/install/urdf_tutorial/share/urdf_tutorial/meshes/l_finger_color.png
[0.847s] -- Installing: /home/ray/Desktop/ROS-workshop/install/urdf_tutorial/share/urdf_tutorial/rviz
[0.847s] -- Installing: /home/ray/Desktop/ROS-workshop/install/urdf_tutorial/share/urdf_tutorial/rviz/urdf.rviz
[0.847s] -- Installing: /home/ray/Desktop/ROS-workshop/install/urdf_tutorial/share/urdf_tutorial/urdf
[0.848s] -- Installing: /home/ray/Desktop/ROS-workshop/install/urdf_tutorial/share/urdf_tutorial/urdf/07-yours.urdf
[0.848s] -- Installing: /home/ray/Desktop/ROS-workshop/install/urdf_tutorial/share/urdf_tutorial/urdf/01-myfirst.urdf
[0.848s] -- Installing: /home/ray/Desktop/ROS-workshop/install/urdf_tutorial/share/urdf_tutorial/urdf/03-origins.urdf
[0.848s] -- Installing: /home/ray/Desktop/ROS-workshop/install/urdf_tutorial/share/urdf_tutorial/urdf/05-visual.urdf
[0.848s] -- Installing: /home/ray/Desktop/ROS-workshop/install/urdf_tutorial/share/urdf_tutorial/urdf/02-multipleshapes.urdf
[0.848s] -- Installing: /home/ray/Desktop/ROS-workshop/install/urdf_tutorial/share/urdf_tutorial/urdf/06-flexible.urdf
[0.848s] -- Installing: /home/ray/Desktop/ROS-workshop/install/urdf_tutorial/share/urdf_tutorial/urdf/04-materials.urdf
[0.848s] -- Installing: /home/ray/Desktop/ROS-workshop/install/urdf_tutorial/share/ament_index/resource_index/package_run_dependencies/urdf_tutorial
[0.848s] -- Installing: /home/ray/Desktop/ROS-workshop/install/urdf_tutorial/share/ament_index/resource_index/parent_prefix_path/urdf_tutorial
[0.848s] -- Installing: /home/ray/Desktop/ROS-workshop/install/urdf_tutorial/share/urdf_tutorial/environment/ament_prefix_path.sh
[0.848s] -- Installing: /home/ray/Desktop/ROS-workshop/install/urdf_tutorial/share/urdf_tutorial/environment/ament_prefix_path.dsv
[0.848s] -- Installing: /home/ray/Desktop/ROS-workshop/install/urdf_tutorial/share/urdf_tutorial/environment/path.sh
[0.848s] -- Installing: /home/ray/Desktop/ROS-workshop/install/urdf_tutorial/share/urdf_tutorial/environment/path.dsv
[0.848s] -- Installing: /home/ray/Desktop/ROS-workshop/install/urdf_tutorial/share/urdf_tutorial/local_setup.bash
[0.848s] -- Installing: /home/ray/Desktop/ROS-workshop/install/urdf_tutorial/share/urdf_tutorial/local_setup.sh
[0.848s] -- Installing: /home/ray/Desktop/ROS-workshop/install/urdf_tutorial/share/urdf_tutorial/local_setup.zsh
[0.848s] -- Installing: /home/ray/Desktop/ROS-workshop/install/urdf_tutorial/share/urdf_tutorial/local_setup.dsv
[0.849s] -- Installing: /home/ray/Desktop/ROS-workshop/install/urdf_tutorial/share/urdf_tutorial/package.dsv
[0.849s] -- Installing: /home/ray/Desktop/ROS-workshop/install/urdf_tutorial/share/ament_index/resource_index/packages/urdf_tutorial
[0.849s] -- Installing: /home/ray/Desktop/ROS-workshop/install/urdf_tutorial/share/urdf_tutorial/cmake/urdf_tutorialConfig.cmake
[0.849s] -- Installing: /home/ray/Desktop/ROS-workshop/install/urdf_tutorial/share/urdf_tutorial/cmake/urdf_tutorialConfig-version.cmake
[0.849s] -- Installing: /home/ray/Desktop/ROS-workshop/install/urdf_tutorial/share/urdf_tutorial/package.xml
[0.850s] Invoked command in '/home/ray/Desktop/ROS-workshop/build/urdf_tutorial' returned '0': CMAKE_PREFIX_PATH=${CMAKE_PREFIX_PATH}:/home/ray/interbotix_ws/install/imu_arm_control:/home/ray/interbotix_ws/install/interbotix_xs_modules:/home/ray/interbotix_ws/install/interbotix_common_modules:/home/ray/interbotix_ws/install/bno055:/opt/ros/humble /usr/bin/cmake --install /home/ray/Desktop/ROS-workshop/build/urdf_tutorial
