[0.099s] [34mcolcon[0m [1;30mDEBUG[0m [32mCommand line arguments: ['/usr/bin/colcon', 'build'][0m
[0.099s] [34mcolcon[0m [1;30mDEBUG[0m [32mParsed command line arguments: Namespace(log_base=None, log_level=None, verb_name='build', build_base='build', install_base='install', merge_install=False, symlink_install=False, test_result_base=None, continue_on_error=False, executor='parallel', parallel_workers=20, event_handlers=None, ignore_user_meta=False, metas=['./colcon.meta'], base_paths=['.'], packages_ignore=None, packages_ignore_regex=None, paths=None, packages_up_to=None, packages_up_to_regex=None, packages_above=None, packages_above_and_dependencies=None, packages_above_depth=None, packages_select_by_dep=None, packages_skip_by_dep=None, packages_skip_up_to=None, packages_select_build_failed=False, packages_skip_build_finished=False, packages_select_test_failures=False, packages_skip_test_passed=False, packages_select=None, packages_skip=None, packages_select_regex=None, packages_skip_regex=None, packages_start=None, packages_end=None, allow_overriding=[], cmake_args=None, cmake_target=None, cmake_target_skip_unavailable=False, cmake_clean_cache=False, cmake_clean_first=False, cmake_force_configure=False, ament_cmake_args=None, catkin_cmake_args=None, catkin_skip_building_tests=False, mixin_files=None, mixin=None, verb_parser=<colcon_mixin.mixin.mixin_argument.MixinArgumentDecorator object at 0x70a24edce410>, verb_extension=<colcon_core.verb.build.BuildVerb object at 0x70a24edcd990>, main=<bound method BuildVerb.main of <colcon_core.verb.build.BuildVerb object at 0x70a24edcd990>>, mixin_verb=('build',))[0m
[0.214s] [34mcolcon.colcon_core.package_discovery[0m [1;30mLevel 1[0m discover_packages(colcon_meta) check parameters
[0.214s] [34mcolcon.colcon_core.package_discovery[0m [1;30mLevel 1[0m discover_packages(recursive) check parameters
[0.214s] [34mcolcon.colcon_core.package_discovery[0m [1;30mLevel 1[0m discover_packages(ignore) check parameters
[0.214s] [34mcolcon.colcon_core.package_discovery[0m [1;30mLevel 1[0m discover_packages(path) check parameters
[0.214s] [34mcolcon.colcon_core.package_discovery[0m [1;30mLevel 1[0m discover_packages(colcon_meta) discover
[0.214s] [34mcolcon.colcon_core.package_discovery[0m [1;30mLevel 1[0m discover_packages(recursive) discover
[0.214s] [34mcolcon.colcon_core.package_discovery[0m [1;30mINFO[0m Crawling recursively for packages in '/home/ray/Desktop/ROS-workshop'
[0.214s] [34mcolcon.colcon_core.package_identification[0m [1;30mLevel 1[0m _identify(.) by extensions ['ignore', 'ignore_ament_install']
[0.214s] [34mcolcon.colcon_core.package_identification[0m [1;30mLevel 1[0m _identify(.) by extension 'ignore'
[0.215s] [34mcolcon.colcon_core.package_identification[0m [1;30mLevel 1[0m _identify(.) by extension 'ignore_ament_install'
[0.215s] [34mcolcon.colcon_core.package_identification[0m [1;30mLevel 1[0m _identify(.) by extensions ['colcon_pkg']
[0.215s] [34mcolcon.colcon_core.package_identification[0m [1;30mLevel 1[0m _identify(.) by extension 'colcon_pkg'
[0.215s] [34mcolcon.colcon_core.package_identification[0m [1;30mLevel 1[0m _identify(.) by extensions ['colcon_meta']
[0.215s] [34mcolcon.colcon_core.package_identification[0m [1;30mLevel 1[0m _identify(.) by extension 'colcon_meta'
[0.215s] [34mcolcon.colcon_core.package_identification[0m [1;30mLevel 1[0m _identify(.) by extensions ['ros']
[0.215s] [34mcolcon.colcon_core.package_identification[0m [1;30mLevel 1[0m _identify(.) by extension 'ros'
[0.225s] [34mcolcon.colcon_core.package_identification[0m [1;30mLevel 1[0m _identify(.) by extensions ['cmake', 'python']
[0.225s] [34mcolcon.colcon_core.package_identification[0m [1;30mLevel 1[0m _identify(.) by extension 'cmake'
[0.225s] [34mcolcon.colcon_core.package_identification[0m [1;30mLevel 1[0m _identify(.) by extension 'python'
[0.225s] [34mcolcon.colcon_core.package_identification[0m [1;30mLevel 1[0m _identify(.) by extensions ['python_setup_py']
[0.225s] [34mcolcon.colcon_core.package_identification[0m [1;30mLevel 1[0m _identify(.) by extension 'python_setup_py'
[0.225s] [34mcolcon.colcon_core.package_identification[0m [1;30mLevel 1[0m _identify(build) by extensions ['ignore', 'ignore_ament_install']
[0.225s] [34mcolcon.colcon_core.package_identification[0m [1;30mLevel 1[0m _identify(build) by extension 'ignore'
[0.225s] [34mcolcon.colcon_core.package_identification[0m [1;30mLevel 1[0m _identify(build) ignored
[0.225s] [34mcolcon.colcon_core.package_identification[0m [1;30mLevel 1[0m _identify(install) by extensions ['ignore', 'ignore_ament_install']
[0.226s] [34mcolcon.colcon_core.package_identification[0m [1;30mLevel 1[0m _identify(install) by extension 'ignore'
[0.226s] [34mcolcon.colcon_core.package_identification[0m [1;30mLevel 1[0m _identify(install) ignored
[0.226s] [34mcolcon.colcon_core.package_identification[0m [1;30mLevel 1[0m _identify(log) by extensions ['ignore', 'ignore_ament_install']
[0.226s] [34mcolcon.colcon_core.package_identification[0m [1;30mLevel 1[0m _identify(log) by extension 'ignore'
[0.226s] [34mcolcon.colcon_core.package_identification[0m [1;30mLevel 1[0m _identify(log) ignored
[0.226s] [34mcolcon.colcon_core.package_identification[0m [1;30mLevel 1[0m _identify(src) by extensions ['ignore', 'ignore_ament_install']
[0.226s] [34mcolcon.colcon_core.package_identification[0m [1;30mLevel 1[0m _identify(src) by extension 'ignore'
[0.226s] [34mcolcon.colcon_core.package_identification[0m [1;30mLevel 1[0m _identify(src) by extension 'ignore_ament_install'
[0.226s] [34mcolcon.colcon_core.package_identification[0m [1;30mLevel 1[0m _identify(src) by extensions ['colcon_pkg']
[0.226s] [34mcolcon.colcon_core.package_identification[0m [1;30mLevel 1[0m _identify(src) by extension 'colcon_pkg'
[0.226s] [34mcolcon.colcon_core.package_identification[0m [1;30mLevel 1[0m _identify(src) by extensions ['colcon_meta']
[0.226s] [34mcolcon.colcon_core.package_identification[0m [1;30mLevel 1[0m _identify(src) by extension 'colcon_meta'
[0.226s] [34mcolcon.colcon_core.package_identification[0m [1;30mLevel 1[0m _identify(src) by extensions ['ros']
[0.226s] [34mcolcon.colcon_core.package_identification[0m [1;30mLevel 1[0m _identify(src) by extension 'ros'
[0.226s] [34mcolcon.colcon_core.package_identification[0m [1;30mLevel 1[0m _identify(src) by extensions ['cmake', 'python']
[0.226s] [34mcolcon.colcon_core.package_identification[0m [1;30mLevel 1[0m _identify(src) by extension 'cmake'
[0.226s] [34mcolcon.colcon_core.package_identification[0m [1;30mLevel 1[0m _identify(src) by extension 'python'
[0.226s] [34mcolcon.colcon_core.package_identification[0m [1;30mLevel 1[0m _identify(src) by extensions ['python_setup_py']
[0.226s] [34mcolcon.colcon_core.package_identification[0m [1;30mLevel 1[0m _identify(src) by extension 'python_setup_py'
[0.226s] [34mcolcon.colcon_core.package_identification[0m [1;30mLevel 1[0m _identify(src/dynamic_transform_example) by extensions ['ignore', 'ignore_ament_install']
[0.226s] [34mcolcon.colcon_core.package_identification[0m [1;30mLevel 1[0m _identify(src/dynamic_transform_example) by extension 'ignore'
[0.226s] [34mcolcon.colcon_core.package_identification[0m [1;30mLevel 1[0m _identify(src/dynamic_transform_example) by extension 'ignore_ament_install'
[0.226s] [34mcolcon.colcon_core.package_identification[0m [1;30mLevel 1[0m _identify(src/dynamic_transform_example) by extensions ['colcon_pkg']
[0.226s] [34mcolcon.colcon_core.package_identification[0m [1;30mLevel 1[0m _identify(src/dynamic_transform_example) by extension 'colcon_pkg'
[0.226s] [34mcolcon.colcon_core.package_identification[0m [1;30mLevel 1[0m _identify(src/dynamic_transform_example) by extensions ['colcon_meta']
[0.226s] [34mcolcon.colcon_core.package_identification[0m [1;30mLevel 1[0m _identify(src/dynamic_transform_example) by extension 'colcon_meta'
[0.226s] [34mcolcon.colcon_core.package_identification[0m [1;30mLevel 1[0m _identify(src/dynamic_transform_example) by extensions ['ros']
[0.226s] [34mcolcon.colcon_core.package_identification[0m [1;30mLevel 1[0m _identify(src/dynamic_transform_example) by extension 'ros'
[0.228s] [34mcolcon.colcon_core.package_identification[0m [1;30mDEBUG[0m [32mPackage 'src/dynamic_transform_example' with type 'ros.ament_python' and name 'dynamic_transform_example'[0m
[0.228s] [34mcolcon.colcon_core.package_identification[0m [1;30mLevel 1[0m _identify(src/example-ros-package) by extensions ['ignore', 'ignore_ament_install']
[0.228s] [34mcolcon.colcon_core.package_identification[0m [1;30mLevel 1[0m _identify(src/example-ros-package) by extension 'ignore'
[0.228s] [34mcolcon.colcon_core.package_identification[0m [1;30mLevel 1[0m _identify(src/example-ros-package) by extension 'ignore_ament_install'
[0.228s] [34mcolcon.colcon_core.package_identification[0m [1;30mLevel 1[0m _identify(src/example-ros-package) by extensions ['colcon_pkg']
[0.228s] [34mcolcon.colcon_core.package_identification[0m [1;30mLevel 1[0m _identify(src/example-ros-package) by extension 'colcon_pkg'
[0.228s] [34mcolcon.colcon_core.package_identification[0m [1;30mLevel 1[0m _identify(src/example-ros-package) by extensions ['colcon_meta']
[0.228s] [34mcolcon.colcon_core.package_identification[0m [1;30mLevel 1[0m _identify(src/example-ros-package) by extension 'colcon_meta'
[0.228s] [34mcolcon.colcon_core.package_identification[0m [1;30mLevel 1[0m _identify(src/example-ros-package) by extensions ['ros']
[0.228s] [34mcolcon.colcon_core.package_identification[0m [1;30mLevel 1[0m _identify(src/example-ros-package) by extension 'ros'
[0.228s] [34mcolcon.colcon_core.package_identification[0m [1;30mDEBUG[0m [32mPackage 'src/example-ros-package' with type 'ros.ament_python' and name 'example_package'[0m
[0.228s] [34mcolcon.colcon_core.package_identification[0m [1;30mLevel 1[0m _identify(src/urdf_tutorial-ros2) by extensions ['ignore', 'ignore_ament_install']
[0.228s] [34mcolcon.colcon_core.package_identification[0m [1;30mLevel 1[0m _identify(src/urdf_tutorial-ros2) by extension 'ignore'
[0.228s] [34mcolcon.colcon_core.package_identification[0m [1;30mLevel 1[0m _identify(src/urdf_tutorial-ros2) by extension 'ignore_ament_install'
[0.228s] [34mcolcon.colcon_core.package_identification[0m [1;30mLevel 1[0m _identify(src/urdf_tutorial-ros2) by extensions ['colcon_pkg']
[0.228s] [34mcolcon.colcon_core.package_identification[0m [1;30mLevel 1[0m _identify(src/urdf_tutorial-ros2) by extension 'colcon_pkg'
[0.228s] [34mcolcon.colcon_core.package_identification[0m [1;30mLevel 1[0m _identify(src/urdf_tutorial-ros2) by extensions ['colcon_meta']
[0.228s] [34mcolcon.colcon_core.package_identification[0m [1;30mLevel 1[0m _identify(src/urdf_tutorial-ros2) by extension 'colcon_meta'
[0.228s] [34mcolcon.colcon_core.package_identification[0m [1;30mLevel 1[0m _identify(src/urdf_tutorial-ros2) by extensions ['ros']
[0.228s] [34mcolcon.colcon_core.package_identification[0m [1;30mLevel 1[0m _identify(src/urdf_tutorial-ros2) by extension 'ros'
[0.229s] [34mcolcon.colcon_core.package_identification[0m [1;30mDEBUG[0m [32mPackage 'src/urdf_tutorial-ros2' with type 'ros.ament_cmake' and name 'urdf_tutorial'[0m
[0.229s] [34mcolcon.colcon_core.package_discovery[0m [1;30mLevel 1[0m discover_packages(recursive) using defaults
[0.229s] [34mcolcon.colcon_core.package_discovery[0m [1;30mLevel 1[0m discover_packages(ignore) discover
[0.229s] [34mcolcon.colcon_core.package_discovery[0m [1;30mLevel 1[0m discover_packages(ignore) using defaults
[0.229s] [34mcolcon.colcon_core.package_discovery[0m [1;30mLevel 1[0m discover_packages(path) discover
[0.229s] [34mcolcon.colcon_core.package_discovery[0m [1;30mLevel 1[0m discover_packages(path) using defaults
[0.239s] [34mcolcon.colcon_core.package_discovery[0m [1;30mLevel 1[0m discover_packages(prefix_path) check parameters
[0.239s] [34mcolcon.colcon_core.package_discovery[0m [1;30mLevel 1[0m discover_packages(prefix_path) discover
[0.241s] [34mcolcon.colcon_installed_package_information.package_discovery[0m [1;30mDEBUG[0m [32mFound 32 installed packages in /home/ray/interbotix_ws/install[0m
[0.242s] [34mcolcon.colcon_installed_package_information.package_discovery[0m [1;30mDEBUG[0m [32mFound 445 installed packages in /opt/ros/humble[0m
[0.243s] [34mcolcon.colcon_core.package_discovery[0m [1;30mLevel 1[0m discover_packages(prefix_path) using defaults
[0.282s] [34mcolcon.colcon_core.verb[0m [1;30mLevel 5[0m set package 'dynamic_transform_example' build argument 'cmake_args' from command line to 'None'
[0.282s] [34mcolcon.colcon_core.verb[0m [1;30mLevel 5[0m set package 'dynamic_transform_example' build argument 'cmake_target' from command line to 'None'
[0.282s] [34mcolcon.colcon_core.verb[0m [1;30mLevel 5[0m set package 'dynamic_transform_example' build argument 'cmake_target_skip_unavailable' from command line to 'False'
[0.282s] [34mcolcon.colcon_core.verb[0m [1;30mLevel 5[0m set package 'dynamic_transform_example' build argument 'cmake_clean_cache' from command line to 'False'
[0.282s] [34mcolcon.colcon_core.verb[0m [1;30mLevel 5[0m set package 'dynamic_transform_example' build argument 'cmake_clean_first' from command line to 'False'
[0.282s] [34mcolcon.colcon_core.verb[0m [1;30mLevel 5[0m set package 'dynamic_transform_example' build argument 'cmake_force_configure' from command line to 'False'
[0.282s] [34mcolcon.colcon_core.verb[0m [1;30mLevel 5[0m set package 'dynamic_transform_example' build argument 'ament_cmake_args' from command line to 'None'
[0.282s] [34mcolcon.colcon_core.verb[0m [1;30mLevel 5[0m set package 'dynamic_transform_example' build argument 'catkin_cmake_args' from command line to 'None'
[0.282s] [34mcolcon.colcon_core.verb[0m [1;30mLevel 5[0m set package 'dynamic_transform_example' build argument 'catkin_skip_building_tests' from command line to 'False'
[0.282s] [34mcolcon.colcon_core.verb[0m [1;30mDEBUG[0m [32mBuilding package 'dynamic_transform_example' with the following arguments: {'ament_cmake_args': None, 'build_base': '/home/ray/Desktop/ROS-workshop/build/dynamic_transform_example', 'catkin_cmake_args': None, 'catkin_skip_building_tests': False, 'cmake_args': None, 'cmake_clean_cache': False, 'cmake_clean_first': False, 'cmake_force_configure': False, 'cmake_target': None, 'cmake_target_skip_unavailable': False, 'install_base': '/home/ray/Desktop/ROS-workshop/install/dynamic_transform_example', 'merge_install': False, 'path': '/home/ray/Desktop/ROS-workshop/src/dynamic_transform_example', 'symlink_install': False, 'test_result_base': None}[0m
[0.282s] [34mcolcon.colcon_core.verb[0m [1;30mLevel 5[0m set package 'example_package' build argument 'cmake_args' from command line to 'None'
[0.282s] [34mcolcon.colcon_core.verb[0m [1;30mLevel 5[0m set package 'example_package' build argument 'cmake_target' from command line to 'None'
[0.282s] [34mcolcon.colcon_core.verb[0m [1;30mLevel 5[0m set package 'example_package' build argument 'cmake_target_skip_unavailable' from command line to 'False'
[0.282s] [34mcolcon.colcon_core.verb[0m [1;30mLevel 5[0m set package 'example_package' build argument 'cmake_clean_cache' from command line to 'False'
[0.282s] [34mcolcon.colcon_core.verb[0m [1;30mLevel 5[0m set package 'example_package' build argument 'cmake_clean_first' from command line to 'False'
[0.282s] [34mcolcon.colcon_core.verb[0m [1;30mLevel 5[0m set package 'example_package' build argument 'cmake_force_configure' from command line to 'False'
[0.282s] [34mcolcon.colcon_core.verb[0m [1;30mLevel 5[0m set package 'example_package' build argument 'ament_cmake_args' from command line to 'None'
[0.282s] [34mcolcon.colcon_core.verb[0m [1;30mLevel 5[0m set package 'example_package' build argument 'catkin_cmake_args' from command line to 'None'
[0.282s] [34mcolcon.colcon_core.verb[0m [1;30mLevel 5[0m set package 'example_package' build argument 'catkin_skip_building_tests' from command line to 'False'
[0.282s] [34mcolcon.colcon_core.verb[0m [1;30mDEBUG[0m [32mBuilding package 'example_package' with the following arguments: {'ament_cmake_args': None, 'build_base': '/home/ray/Desktop/ROS-workshop/build/example_package', 'catkin_cmake_args': None, 'catkin_skip_building_tests': False, 'cmake_args': None, 'cmake_clean_cache': False, 'cmake_clean_first': False, 'cmake_force_configure': False, 'cmake_target': None, 'cmake_target_skip_unavailable': False, 'install_base': '/home/ray/Desktop/ROS-workshop/install/example_package', 'merge_install': False, 'path': '/home/ray/Desktop/ROS-workshop/src/example-ros-package', 'symlink_install': False, 'test_result_base': None}[0m
[0.283s] [34mcolcon.colcon_core.verb[0m [1;30mLevel 5[0m set package 'urdf_tutorial' build argument 'cmake_args' from command line to 'None'
[0.283s] [34mcolcon.colcon_core.verb[0m [1;30mLevel 5[0m set package 'urdf_tutorial' build argument 'cmake_target' from command line to 'None'
[0.283s] [34mcolcon.colcon_core.verb[0m [1;30mLevel 5[0m set package 'urdf_tutorial' build argument 'cmake_target_skip_unavailable' from command line to 'False'
[0.283s] [34mcolcon.colcon_core.verb[0m [1;30mLevel 5[0m set package 'urdf_tutorial' build argument 'cmake_clean_cache' from command line to 'False'
[0.283s] [34mcolcon.colcon_core.verb[0m [1;30mLevel 5[0m set package 'urdf_tutorial' build argument 'cmake_clean_first' from command line to 'False'
[0.283s] [34mcolcon.colcon_core.verb[0m [1;30mLevel 5[0m set package 'urdf_tutorial' build argument 'cmake_force_configure' from command line to 'False'
[0.283s] [34mcolcon.colcon_core.verb[0m [1;30mLevel 5[0m set package 'urdf_tutorial' build argument 'ament_cmake_args' from command line to 'None'
[0.283s] [34mcolcon.colcon_core.verb[0m [1;30mLevel 5[0m set package 'urdf_tutorial' build argument 'catkin_cmake_args' from command line to 'None'
[0.283s] [34mcolcon.colcon_core.verb[0m [1;30mLevel 5[0m set package 'urdf_tutorial' build argument 'catkin_skip_building_tests' from command line to 'False'
[0.283s] [34mcolcon.colcon_core.verb[0m [1;30mDEBUG[0m [32mBuilding package 'urdf_tutorial' with the following arguments: {'ament_cmake_args': None, 'build_base': '/home/ray/Desktop/ROS-workshop/build/urdf_tutorial', 'catkin_cmake_args': None, 'catkin_skip_building_tests': False, 'cmake_args': None, 'cmake_clean_cache': False, 'cmake_clean_first': False, 'cmake_force_configure': False, 'cmake_target': None, 'cmake_target_skip_unavailable': False, 'install_base': '/home/ray/Desktop/ROS-workshop/install/urdf_tutorial', 'merge_install': False, 'path': '/home/ray/Desktop/ROS-workshop/src/urdf_tutorial-ros2', 'symlink_install': False, 'test_result_base': None}[0m
[0.283s] [34mcolcon.colcon_core.executor[0m [1;30mINFO[0m Executing jobs using 'parallel' executor
[0.283s] [34mcolcon.colcon_parallel_executor.executor.parallel[0m [1;30mDEBUG[0m [32mrun_until_complete[0m
[0.284s] [34mcolcon.colcon_ros.task.ament_python.build[0m [1;30mINFO[0m Building ROS package in '/home/ray/Desktop/ROS-workshop/src/dynamic_transform_example' with build type 'ament_python'
[0.284s] [34mcolcon.colcon_core.shell[0m [1;30mLevel 1[0m create_environment_hook('dynamic_transform_example', 'ament_prefix_path')
[0.285s] [34mcolcon.colcon_core.plugin_system[0m [1;30mINFO[0m Skipping extension 'colcon_core.shell.bat': Not used on non-Windows systems
[0.285s] [34mcolcon.colcon_core.shell[0m [1;30mINFO[0m Creating environment hook '/home/ray/Desktop/ROS-workshop/install/dynamic_transform_example/share/dynamic_transform_example/hook/ament_prefix_path.ps1'
[0.286s] [34mcolcon.colcon_core.shell[0m [1;30mINFO[0m Creating environment descriptor '/home/ray/Desktop/ROS-workshop/install/dynamic_transform_example/share/dynamic_transform_example/hook/ament_prefix_path.dsv'
[0.286s] [34mcolcon.colcon_core.shell[0m [1;30mINFO[0m Creating environment hook '/home/ray/Desktop/ROS-workshop/install/dynamic_transform_example/share/dynamic_transform_example/hook/ament_prefix_path.sh'
[0.287s] [34mcolcon.colcon_core.shell[0m [1;30mINFO[0m Skip shell extension 'powershell' for command environment: Not usable outside of PowerShell
[0.287s] [34mcolcon.colcon_core.shell[0m [1;30mDEBUG[0m [32mSkip shell extension 'dsv' for command environment[0m
[0.289s] [34mcolcon.colcon_ros.task.ament_python.build[0m [1;30mINFO[0m Building ROS package in '/home/ray/Desktop/ROS-workshop/src/example-ros-package' with build type 'ament_python'
[0.289s] [34mcolcon.colcon_core.shell[0m [1;30mLevel 1[0m create_environment_hook('example_package', 'ament_prefix_path')
[0.289s] [34mcolcon.colcon_core.shell[0m [1;30mINFO[0m Creating environment hook '/home/ray/Desktop/ROS-workshop/install/example_package/share/example_package/hook/ament_prefix_path.ps1'
[0.290s] [34mcolcon.colcon_core.shell[0m [1;30mINFO[0m Creating environment descriptor '/home/ray/Desktop/ROS-workshop/install/example_package/share/example_package/hook/ament_prefix_path.dsv'
[0.290s] [34mcolcon.colcon_core.shell[0m [1;30mINFO[0m Creating environment hook '/home/ray/Desktop/ROS-workshop/install/example_package/share/example_package/hook/ament_prefix_path.sh'
[0.290s] [34mcolcon.colcon_core.shell[0m [1;30mINFO[0m Skip shell extension 'powershell' for command environment: Not usable outside of PowerShell
[0.290s] [34mcolcon.colcon_core.shell[0m [1;30mDEBUG[0m [32mSkip shell extension 'dsv' for command environment[0m
[0.293s] [34mcolcon.colcon_ros.task.ament_cmake.build[0m [1;30mINFO[0m Building ROS package in '/home/ray/Desktop/ROS-workshop/src/urdf_tutorial-ros2' with build type 'ament_cmake'
[0.293s] [34mcolcon.colcon_cmake.task.cmake.build[0m [1;30mINFO[0m Building CMake package in '/home/ray/Desktop/ROS-workshop/src/urdf_tutorial-ros2'
[0.293s] [34mcolcon.colcon_core.shell[0m [1;30mINFO[0m Skip shell extension 'powershell' for command environment: Not usable outside of PowerShell
[0.293s] [34mcolcon.colcon_core.shell[0m [1;30mDEBUG[0m [32mSkip shell extension 'dsv' for command environment[0m
[0.443s] [34mcolcon.colcon_ros.task.ament_python.build[0m [1;30mWARNING[0m [33mPackage 'dynamic_transform_example' doesn't explicitly install a marker in the package index (colcon-ros currently does it implicitly but that fallback will be removed in the future)[0m
[0.443s] [34mcolcon.colcon_core.task.python.build[0m [1;30mINFO[0m Building Python package in '/home/ray/Desktop/ROS-workshop/src/dynamic_transform_example'
[0.443s] [34mcolcon.colcon_core.shell[0m [1;30mINFO[0m Skip shell extension 'powershell' for command environment: Not usable outside of PowerShell
[0.443s] [34mcolcon.colcon_core.shell[0m [1;30mDEBUG[0m [32mSkip shell extension 'dsv' for command environment[0m
[0.580s] [34mcolcon.colcon_core.task.python.build[0m [1;30mINFO[0m Building Python package in '/home/ray/Desktop/ROS-workshop/src/example-ros-package'
[0.581s] [34mcolcon.colcon_core.shell[0m [1;30mINFO[0m Skip shell extension 'powershell' for command environment: Not usable outside of PowerShell
[0.581s] [34mcolcon.colcon_core.shell[0m [1;30mDEBUG[0m [32mSkip shell extension 'dsv' for command environment[0m
[0.586s] [34mcolcon.colcon_core.event_handler.log_command[0m [1;30mDEBUG[0m [32mInvoking command in '/home/ray/Desktop/ROS-workshop/build/urdf_tutorial': CMAKE_PREFIX_PATH=${CMAKE_PREFIX_PATH}:/home/ray/interbotix_ws/install/imu_arm_control:/home/ray/interbotix_ws/install/interbotix_xs_modules:/home/ray/interbotix_ws/install/interbotix_common_modules:/home/ray/interbotix_ws/install/bno055:/opt/ros/humble /usr/bin/cmake /home/ray/Desktop/ROS-workshop/src/urdf_tutorial-ros2 -DCMAKE_INSTALL_PREFIX=/home/ray/Desktop/ROS-workshop/install/urdf_tutorial[0m
[0.846s] [34mcolcon.colcon_core.event_handler.log_command[0m [1;30mDEBUG[0m [32mInvoking command in '/home/ray/Desktop/ROS-workshop/src/example-ros-package': PYTHONPATH=/home/ray/Desktop/ROS-workshop/build/example_package/prefix_override:/usr/lib/python3/dist-packages/colcon_core/task/python/colcon_distutils_commands:/home/ray/Desktop/ROS-workshop/install/example_package/lib/python3.10/site-packages:${PYTHONPATH} /usr/bin/python3 -W ignore:setup.py install is deprecated -W ignore:easy_install command is deprecated setup.py egg_info --egg-base ../../build/example_package build --build-base /home/ray/Desktop/ROS-workshop/build/example_package/build install --record /home/ray/Desktop/ROS-workshop/build/example_package/install.log --single-version-externally-managed install_data[0m
[0.848s] [34mcolcon.colcon_core.event_handler.log_command[0m [1;30mDEBUG[0m [32mInvoking command in '/home/ray/Desktop/ROS-workshop/src/dynamic_transform_example': PYTHONPATH=/home/ray/Desktop/ROS-workshop/build/dynamic_transform_example/prefix_override:/usr/lib/python3/dist-packages/colcon_core/task/python/colcon_distutils_commands:/home/ray/Desktop/ROS-workshop/install/dynamic_transform_example/lib/python3.10/site-packages:${PYTHONPATH} /usr/bin/python3 -W ignore:setup.py install is deprecated -W ignore:easy_install command is deprecated setup.py egg_info --egg-base ../../build/dynamic_transform_example build --build-base /home/ray/Desktop/ROS-workshop/build/dynamic_transform_example/build install --record /home/ray/Desktop/ROS-workshop/build/dynamic_transform_example/install.log --single-version-externally-managed install_data[0m
[1.025s] [34mcolcon.colcon_core.event_handler.log_command[0m [1;30mDEBUG[0m [32mInvoked command in '/home/ray/Desktop/ROS-workshop/src/example-ros-package' returned '0': PYTHONPATH=/home/ray/Desktop/ROS-workshop/build/example_package/prefix_override:/usr/lib/python3/dist-packages/colcon_core/task/python/colcon_distutils_commands:/home/ray/Desktop/ROS-workshop/install/example_package/lib/python3.10/site-packages:${PYTHONPATH} /usr/bin/python3 -W ignore:setup.py install is deprecated -W ignore:easy_install command is deprecated setup.py egg_info --egg-base ../../build/example_package build --build-base /home/ray/Desktop/ROS-workshop/build/example_package/build install --record /home/ray/Desktop/ROS-workshop/build/example_package/install.log --single-version-externally-managed install_data[0m
[1.026s] [34mcolcon.colcon_core.environment[0m [1;30mLevel 1[0m checking '/home/ray/Desktop/ROS-workshop/install/example_package' for CMake module files
[1.027s] [34mcolcon.colcon_core.environment[0m [1;30mLevel 1[0m checking '/home/ray/Desktop/ROS-workshop/install/example_package' for CMake config files
[1.027s] [34mcolcon.colcon_core.environment[0m [1;30mLevel 1[0m checking '/home/ray/Desktop/ROS-workshop/install/example_package/lib'
[1.027s] [34mcolcon.colcon_core.environment[0m [1;30mLevel 1[0m checking '/home/ray/Desktop/ROS-workshop/install/example_package/bin'
[1.027s] [34mcolcon.colcon_core.environment[0m [1;30mLevel 1[0m checking '/home/ray/Desktop/ROS-workshop/install/example_package/lib/pkgconfig/example_package.pc'
[1.027s] [34mcolcon.colcon_core.environment[0m [1;30mLevel 1[0m checking '/home/ray/Desktop/ROS-workshop/install/example_package/lib/python3.10/site-packages'
[1.027s] [34mcolcon.colcon_core.shell[0m [1;30mLevel 1[0m create_environment_hook('example_package', 'pythonpath')
[1.028s] [34mcolcon.colcon_core.shell[0m [1;30mINFO[0m Creating environment hook '/home/ray/Desktop/ROS-workshop/install/example_package/share/example_package/hook/pythonpath.ps1'
[1.028s] [34mcolcon.colcon_core.shell[0m [1;30mINFO[0m Creating environment descriptor '/home/ray/Desktop/ROS-workshop/install/example_package/share/example_package/hook/pythonpath.dsv'
[1.028s] [34mcolcon.colcon_core.shell[0m [1;30mINFO[0m Creating environment hook '/home/ray/Desktop/ROS-workshop/install/example_package/share/example_package/hook/pythonpath.sh'
[1.028s] [34mcolcon.colcon_core.environment[0m [1;30mLevel 1[0m checking '/home/ray/Desktop/ROS-workshop/install/example_package/bin'
[1.028s] [34mcolcon.colcon_core.environment[0m [1;30mLevel 1[0m create_environment_scripts_only(example_package)
[1.029s] [34mcolcon.colcon_core.shell[0m [1;30mINFO[0m Creating package script '/home/ray/Desktop/ROS-workshop/install/example_package/share/example_package/package.ps1'
[1.029s] [34mcolcon.colcon_core.shell[0m [1;30mINFO[0m Creating package descriptor '/home/ray/Desktop/ROS-workshop/install/example_package/share/example_package/package.dsv'
[1.029s] [34mcolcon.colcon_core.shell[0m [1;30mINFO[0m Creating package script '/home/ray/Desktop/ROS-workshop/install/example_package/share/example_package/package.sh'
[1.030s] [34mcolcon.colcon_core.shell[0m [1;30mINFO[0m Creating package script '/home/ray/Desktop/ROS-workshop/install/example_package/share/example_package/package.bash'
[1.031s] [34mcolcon.colcon_core.shell[0m [1;30mINFO[0m Creating package script '/home/ray/Desktop/ROS-workshop/install/example_package/share/example_package/package.zsh'
[1.031s] [34mcolcon.colcon_core.environment[0m [1;30mLevel 1[0m create_file_with_runtime_dependencies(/home/ray/Desktop/ROS-workshop/install/example_package/share/colcon-core/packages/example_package)
[1.032s] [34mcolcon.colcon_core.environment[0m [1;30mLevel 1[0m checking '/home/ray/Desktop/ROS-workshop/install/dynamic_transform_example' for CMake module files
[1.032s] [34mcolcon.colcon_core.event_handler.log_command[0m [1;30mDEBUG[0m [32mInvoked command in '/home/ray/Desktop/ROS-workshop/src/dynamic_transform_example' returned '0': PYTHONPATH=/home/ray/Desktop/ROS-workshop/build/dynamic_transform_example/prefix_override:/usr/lib/python3/dist-packages/colcon_core/task/python/colcon_distutils_commands:/home/ray/Desktop/ROS-workshop/install/dynamic_transform_example/lib/python3.10/site-packages:${PYTHONPATH} /usr/bin/python3 -W ignore:setup.py install is deprecated -W ignore:easy_install command is deprecated setup.py egg_info --egg-base ../../build/dynamic_transform_example build --build-base /home/ray/Desktop/ROS-workshop/build/dynamic_transform_example/build install --record /home/ray/Desktop/ROS-workshop/build/dynamic_transform_example/install.log --single-version-externally-managed install_data[0m
[1.033s] [34mcolcon.colcon_core.environment[0m [1;30mLevel 1[0m checking '/home/ray/Desktop/ROS-workshop/install/dynamic_transform_example' for CMake config files
[1.033s] [34mcolcon.colcon_core.environment[0m [1;30mLevel 1[0m checking '/home/ray/Desktop/ROS-workshop/install/dynamic_transform_example/lib'
[1.033s] [34mcolcon.colcon_core.environment[0m [1;30mLevel 1[0m checking '/home/ray/Desktop/ROS-workshop/install/dynamic_transform_example/bin'
[1.033s] [34mcolcon.colcon_core.environment[0m [1;30mLevel 1[0m checking '/home/ray/Desktop/ROS-workshop/install/dynamic_transform_example/lib/pkgconfig/dynamic_transform_example.pc'
[1.034s] [34mcolcon.colcon_core.environment[0m [1;30mLevel 1[0m checking '/home/ray/Desktop/ROS-workshop/install/dynamic_transform_example/lib/python3.10/site-packages'
[1.034s] [34mcolcon.colcon_core.shell[0m [1;30mLevel 1[0m create_environment_hook('dynamic_transform_example', 'pythonpath')
[1.034s] [34mcolcon.colcon_core.shell[0m [1;30mINFO[0m Creating environment hook '/home/ray/Desktop/ROS-workshop/install/dynamic_transform_example/share/dynamic_transform_example/hook/pythonpath.ps1'
[1.034s] [34mcolcon.colcon_core.shell[0m [1;30mINFO[0m Creating environment descriptor '/home/ray/Desktop/ROS-workshop/install/dynamic_transform_example/share/dynamic_transform_example/hook/pythonpath.dsv'
[1.034s] [34mcolcon.colcon_core.shell[0m [1;30mINFO[0m Creating environment hook '/home/ray/Desktop/ROS-workshop/install/dynamic_transform_example/share/dynamic_transform_example/hook/pythonpath.sh'
[1.035s] [34mcolcon.colcon_core.environment[0m [1;30mLevel 1[0m checking '/home/ray/Desktop/ROS-workshop/install/dynamic_transform_example/bin'
[1.035s] [34mcolcon.colcon_core.environment[0m [1;30mLevel 1[0m create_environment_scripts_only(dynamic_transform_example)
[1.035s] [34mcolcon.colcon_core.shell[0m [1;30mINFO[0m Creating package script '/home/ray/Desktop/ROS-workshop/install/dynamic_transform_example/share/dynamic_transform_example/package.ps1'
[1.036s] [34mcolcon.colcon_core.shell[0m [1;30mINFO[0m Creating package descriptor '/home/ray/Desktop/ROS-workshop/install/dynamic_transform_example/share/dynamic_transform_example/package.dsv'
[1.036s] [34mcolcon.colcon_core.shell[0m [1;30mINFO[0m Creating package script '/home/ray/Desktop/ROS-workshop/install/dynamic_transform_example/share/dynamic_transform_example/package.sh'
[1.037s] [34mcolcon.colcon_core.shell[0m [1;30mINFO[0m Creating package script '/home/ray/Desktop/ROS-workshop/install/dynamic_transform_example/share/dynamic_transform_example/package.bash'
[1.037s] [34mcolcon.colcon_core.shell[0m [1;30mINFO[0m Creating package script '/home/ray/Desktop/ROS-workshop/install/dynamic_transform_example/share/dynamic_transform_example/package.zsh'
[1.037s] [34mcolcon.colcon_core.environment[0m [1;30mLevel 1[0m create_file_with_runtime_dependencies(/home/ray/Desktop/ROS-workshop/install/dynamic_transform_example/share/colcon-core/packages/dynamic_transform_example)
[1.095s] [34mcolcon.colcon_core.event_handler.log_command[0m [1;30mDEBUG[0m [32mInvoked command in '/home/ray/Desktop/ROS-workshop/build/urdf_tutorial' returned '0': CMAKE_PREFIX_PATH=${CMAKE_PREFIX_PATH}:/home/ray/interbotix_ws/install/imu_arm_control:/home/ray/interbotix_ws/install/interbotix_xs_modules:/home/ray/interbotix_ws/install/interbotix_common_modules:/home/ray/interbotix_ws/install/bno055:/opt/ros/humble /usr/bin/cmake /home/ray/Desktop/ROS-workshop/src/urdf_tutorial-ros2 -DCMAKE_INSTALL_PREFIX=/home/ray/Desktop/ROS-workshop/install/urdf_tutorial[0m
[1.095s] [34mcolcon.colcon_core.event_handler.log_command[0m [1;30mDEBUG[0m [32mInvoking command in '/home/ray/Desktop/ROS-workshop/build/urdf_tutorial': CMAKE_PREFIX_PATH=${CMAKE_PREFIX_PATH}:/home/ray/interbotix_ws/install/imu_arm_control:/home/ray/interbotix_ws/install/interbotix_xs_modules:/home/ray/interbotix_ws/install/interbotix_common_modules:/home/ray/interbotix_ws/install/bno055:/opt/ros/humble /usr/bin/cmake --build /home/ray/Desktop/ROS-workshop/build/urdf_tutorial -- -j20 -l20[0m
[1.123s] [34mcolcon.colcon_core.event_handler.log_command[0m [1;30mDEBUG[0m [32mInvoked command in '/home/ray/Desktop/ROS-workshop/build/urdf_tutorial' returned '0': CMAKE_PREFIX_PATH=${CMAKE_PREFIX_PATH}:/home/ray/interbotix_ws/install/imu_arm_control:/home/ray/interbotix_ws/install/interbotix_xs_modules:/home/ray/interbotix_ws/install/interbotix_common_modules:/home/ray/interbotix_ws/install/bno055:/opt/ros/humble /usr/bin/cmake --build /home/ray/Desktop/ROS-workshop/build/urdf_tutorial -- -j20 -l20[0m
[1.132s] [34mcolcon.colcon_core.event_handler.log_command[0m [1;30mDEBUG[0m [32mInvoking command in '/home/ray/Desktop/ROS-workshop/build/urdf_tutorial': CMAKE_PREFIX_PATH=${CMAKE_PREFIX_PATH}:/home/ray/interbotix_ws/install/imu_arm_control:/home/ray/interbotix_ws/install/interbotix_xs_modules:/home/ray/interbotix_ws/install/interbotix_common_modules:/home/ray/interbotix_ws/install/bno055:/opt/ros/humble /usr/bin/cmake --install /home/ray/Desktop/ROS-workshop/build/urdf_tutorial[0m
[1.143s] [34mcolcon.colcon_core.environment[0m [1;30mLevel 1[0m create_environment_scripts_only(urdf_tutorial)
[1.143s] [34mcolcon.colcon_core.event_handler.log_command[0m [1;30mDEBUG[0m [32mInvoked command in '/home/ray/Desktop/ROS-workshop/build/urdf_tutorial' returned '0': CMAKE_PREFIX_PATH=${CMAKE_PREFIX_PATH}:/home/ray/interbotix_ws/install/imu_arm_control:/home/ray/interbotix_ws/install/interbotix_xs_modules:/home/ray/interbotix_ws/install/interbotix_common_modules:/home/ray/interbotix_ws/install/bno055:/opt/ros/humble /usr/bin/cmake --install /home/ray/Desktop/ROS-workshop/build/urdf_tutorial[0m
[1.143s] [34mcolcon.colcon_core.environment[0m [1;30mLevel 1[0m checking '/home/ray/Desktop/ROS-workshop/install/urdf_tutorial' for CMake module files
[1.144s] [34mcolcon.colcon_core.environment[0m [1;30mLevel 1[0m checking '/home/ray/Desktop/ROS-workshop/install/urdf_tutorial' for CMake config files
[1.144s] [34mcolcon.colcon_core.shell[0m [1;30mLevel 1[0m create_environment_hook('urdf_tutorial', 'cmake_prefix_path')
[1.144s] [34mcolcon.colcon_core.shell[0m [1;30mINFO[0m Creating environment hook '/home/ray/Desktop/ROS-workshop/install/urdf_tutorial/share/urdf_tutorial/hook/cmake_prefix_path.ps1'
[1.145s] [34mcolcon.colcon_core.shell[0m [1;30mINFO[0m Creating environment descriptor '/home/ray/Desktop/ROS-workshop/install/urdf_tutorial/share/urdf_tutorial/hook/cmake_prefix_path.dsv'
[1.145s] [34mcolcon.colcon_core.shell[0m [1;30mINFO[0m Creating environment hook '/home/ray/Desktop/ROS-workshop/install/urdf_tutorial/share/urdf_tutorial/hook/cmake_prefix_path.sh'
[1.145s] [34mcolcon.colcon_core.environment[0m [1;30mLevel 1[0m checking '/home/ray/Desktop/ROS-workshop/install/urdf_tutorial/bin'
[1.145s] [34mcolcon.colcon_core.environment[0m [1;30mLevel 1[0m checking '/home/ray/Desktop/ROS-workshop/install/urdf_tutorial/lib/pkgconfig/urdf_tutorial.pc'
[1.146s] [34mcolcon.colcon_core.environment[0m [1;30mLevel 1[0m checking '/home/ray/Desktop/ROS-workshop/install/urdf_tutorial/lib/python3.10/site-packages'
[1.146s] [34mcolcon.colcon_core.environment[0m [1;30mLevel 1[0m checking '/home/ray/Desktop/ROS-workshop/install/urdf_tutorial/bin'
[1.146s] [34mcolcon.colcon_core.shell[0m [1;30mINFO[0m Creating package script '/home/ray/Desktop/ROS-workshop/install/urdf_tutorial/share/urdf_tutorial/package.ps1'
[1.146s] [34mcolcon.colcon_core.shell[0m [1;30mINFO[0m Creating package descriptor '/home/ray/Desktop/ROS-workshop/install/urdf_tutorial/share/urdf_tutorial/package.dsv'
[1.147s] [34mcolcon.colcon_core.shell[0m [1;30mINFO[0m Creating package script '/home/ray/Desktop/ROS-workshop/install/urdf_tutorial/share/urdf_tutorial/package.sh'
[1.147s] [34mcolcon.colcon_core.shell[0m [1;30mINFO[0m Creating package script '/home/ray/Desktop/ROS-workshop/install/urdf_tutorial/share/urdf_tutorial/package.bash'
[1.147s] [34mcolcon.colcon_core.shell[0m [1;30mINFO[0m Creating package script '/home/ray/Desktop/ROS-workshop/install/urdf_tutorial/share/urdf_tutorial/package.zsh'
[1.147s] [34mcolcon.colcon_core.environment[0m [1;30mLevel 1[0m create_file_with_runtime_dependencies(/home/ray/Desktop/ROS-workshop/install/urdf_tutorial/share/colcon-core/packages/urdf_tutorial)
[1.148s] [34mcolcon.colcon_core.environment[0m [1;30mLevel 1[0m create_environment_scripts_only(urdf_tutorial)
[1.148s] [34mcolcon.colcon_core.environment[0m [1;30mLevel 1[0m checking '/home/ray/Desktop/ROS-workshop/install/urdf_tutorial' for CMake module files
[1.148s] [34mcolcon.colcon_core.environment[0m [1;30mLevel 1[0m checking '/home/ray/Desktop/ROS-workshop/install/urdf_tutorial' for CMake config files
[1.148s] [34mcolcon.colcon_core.shell[0m [1;30mLevel 1[0m create_environment_hook('urdf_tutorial', 'cmake_prefix_path')
[1.148s] [34mcolcon.colcon_core.shell[0m [1;30mINFO[0m Creating environment hook '/home/ray/Desktop/ROS-workshop/install/urdf_tutorial/share/urdf_tutorial/hook/cmake_prefix_path.ps1'
[1.148s] [34mcolcon.colcon_core.shell[0m [1;30mINFO[0m Creating environment descriptor '/home/ray/Desktop/ROS-workshop/install/urdf_tutorial/share/urdf_tutorial/hook/cmake_prefix_path.dsv'
[1.148s] [34mcolcon.colcon_core.shell[0m [1;30mINFO[0m Creating environment hook '/home/ray/Desktop/ROS-workshop/install/urdf_tutorial/share/urdf_tutorial/hook/cmake_prefix_path.sh'
[1.149s] [34mcolcon.colcon_core.environment[0m [1;30mLevel 1[0m checking '/home/ray/Desktop/ROS-workshop/install/urdf_tutorial/bin'
[1.149s] [34mcolcon.colcon_core.environment[0m [1;30mLevel 1[0m checking '/home/ray/Desktop/ROS-workshop/install/urdf_tutorial/lib/pkgconfig/urdf_tutorial.pc'
[1.149s] [34mcolcon.colcon_core.environment[0m [1;30mLevel 1[0m checking '/home/ray/Desktop/ROS-workshop/install/urdf_tutorial/lib/python3.10/site-packages'
[1.149s] [34mcolcon.colcon_core.environment[0m [1;30mLevel 1[0m checking '/home/ray/Desktop/ROS-workshop/install/urdf_tutorial/bin'
[1.149s] [34mcolcon.colcon_core.shell[0m [1;30mINFO[0m Creating package script '/home/ray/Desktop/ROS-workshop/install/urdf_tutorial/share/urdf_tutorial/package.ps1'
[1.149s] [34mcolcon.colcon_core.shell[0m [1;30mINFO[0m Creating package descriptor '/home/ray/Desktop/ROS-workshop/install/urdf_tutorial/share/urdf_tutorial/package.dsv'
[1.150s] [34mcolcon.colcon_core.shell[0m [1;30mINFO[0m Creating package script '/home/ray/Desktop/ROS-workshop/install/urdf_tutorial/share/urdf_tutorial/package.sh'
[1.150s] [34mcolcon.colcon_core.shell[0m [1;30mINFO[0m Creating package script '/home/ray/Desktop/ROS-workshop/install/urdf_tutorial/share/urdf_tutorial/package.bash'
[1.150s] [34mcolcon.colcon_core.shell[0m [1;30mINFO[0m Creating package script '/home/ray/Desktop/ROS-workshop/install/urdf_tutorial/share/urdf_tutorial/package.zsh'
[1.150s] [34mcolcon.colcon_core.environment[0m [1;30mLevel 1[0m create_file_with_runtime_dependencies(/home/ray/Desktop/ROS-workshop/install/urdf_tutorial/share/colcon-core/packages/urdf_tutorial)
[1.150s] [34mcolcon.colcon_parallel_executor.executor.parallel[0m [1;30mDEBUG[0m [32mclosing loop[0m
[1.150s] [34mcolcon.colcon_parallel_executor.executor.parallel[0m [1;30mDEBUG[0m [32mloop closed[0m
[1.150s] [34mcolcon.colcon_parallel_executor.executor.parallel[0m [1;30mDEBUG[0m [32mrun_until_complete finished with '0'[0m
[1.150s] [34mcolcon.colcon_core.event_reactor[0m [1;30mDEBUG[0m [32mjoining thread[0m
[1.154s] [34mcolcon.colcon_core.plugin_system[0m [1;30mINFO[0m Skipping extension 'colcon_notification.desktop_notification.terminal_notifier': Not used on non-Darwin systems
[1.154s] [34mcolcon.colcon_core.plugin_system[0m [1;30mINFO[0m Skipping extension 'colcon_notification.desktop_notification.win32': Not used on non-Windows systems
[1.154s] [34mcolcon.colcon_notification.desktop_notification[0m [1;30mINFO[0m Sending desktop notification using 'notify2'
[1.165s] [34mcolcon.colcon_core.event_reactor[0m [1;30mDEBUG[0m [32mjoined thread[0m
[1.165s] [34mcolcon.colcon_core.shell[0m [1;30mINFO[0m Creating prefix script '/home/ray/Desktop/ROS-workshop/install/local_setup.ps1'
[1.166s] [34mcolcon.colcon_core.shell[0m [1;30mINFO[0m Creating prefix util module '/home/ray/Desktop/ROS-workshop/install/_local_setup_util_ps1.py'
[1.166s] [34mcolcon.colcon_core.shell[0m [1;30mINFO[0m Creating prefix chain script '/home/ray/Desktop/ROS-workshop/install/setup.ps1'
[1.168s] [34mcolcon.colcon_core.shell[0m [1;30mINFO[0m Creating prefix script '/home/ray/Desktop/ROS-workshop/install/local_setup.sh'
[1.168s] [34mcolcon.colcon_core.shell[0m [1;30mINFO[0m Creating prefix util module '/home/ray/Desktop/ROS-workshop/install/_local_setup_util_sh.py'
[1.168s] [34mcolcon.colcon_core.shell[0m [1;30mINFO[0m Creating prefix chain script '/home/ray/Desktop/ROS-workshop/install/setup.sh'
[1.170s] [34mcolcon.colcon_core.shell[0m [1;30mINFO[0m Creating prefix script '/home/ray/Desktop/ROS-workshop/install/local_setup.bash'
[1.170s] [34mcolcon.colcon_core.shell[0m [1;30mINFO[0m Creating prefix chain script '/home/ray/Desktop/ROS-workshop/install/setup.bash'
[1.171s] [34mcolcon.colcon_core.shell[0m [1;30mINFO[0m Creating prefix script '/home/ray/Desktop/ROS-workshop/install/local_setup.zsh'
[1.171s] [34mcolcon.colcon_core.shell[0m [1;30mINFO[0m Creating prefix chain script '/home/ray/Desktop/ROS-workshop/install/setup.zsh'
