[0.564s] Invoking command in '/home/ray/Desktop/ROS-workshop/src/dynamic_transform_example': PYTHONPATH=/home/ray/Desktop/ROS-workshop/build/dynamic_transform_example/prefix_override:/usr/lib/python3/dist-packages/colcon_core/task/python/colcon_distutils_commands:/home/ray/Desktop/ROS-workshop/install/dynamic_transform_example/lib/python3.10/site-packages:${PYTHONPATH} /usr/bin/python3 -W ignore:setup.py install is deprecated -W ignore:easy_install command is deprecated setup.py egg_info --egg-base ../../build/dynamic_transform_example build --build-base /home/ray/Desktop/ROS-workshop/build/dynamic_transform_example/build install --record /home/ray/Desktop/ROS-workshop/build/dynamic_transform_example/install.log --single-version-externally-managed install_data
[0.708s] running egg_info
[0.708s] creating ../../build/dynamic_transform_example/dynamic_transform_example.egg-info
[0.708s] writing ../../build/dynamic_transform_example/dynamic_transform_example.egg-info/PKG-INFO
[0.709s] writing dependency_links to ../../build/dynamic_transform_example/dynamic_transform_example.egg-info/dependency_links.txt
[0.709s] writing entry points to ../../build/dynamic_transform_example/dynamic_transform_example.egg-info/entry_points.txt
[0.709s] writing requirements to ../../build/dynamic_transform_example/dynamic_transform_example.egg-info/requires.txt
[0.709s] writing top-level names to ../../build/dynamic_transform_example/dynamic_transform_example.egg-info/top_level.txt
[0.709s] writing manifest file '../../build/dynamic_transform_example/dynamic_transform_example.egg-info/SOURCES.txt'
[0.710s] reading manifest file '../../build/dynamic_transform_example/dynamic_transform_example.egg-info/SOURCES.txt'
[0.710s] writing manifest file '../../build/dynamic_transform_example/dynamic_transform_example.egg-info/SOURCES.txt'
[0.710s] running build
[0.710s] running build_py
[0.710s] creating /home/ray/Desktop/ROS-workshop/build/dynamic_transform_example/build
[0.710s] creating /home/ray/Desktop/ROS-workshop/build/dynamic_transform_example/build/lib
[0.710s] creating /home/ray/Desktop/ROS-workshop/build/dynamic_transform_example/build/lib/dynamic_transform_example
[0.710s] copying dynamic_transform_example/main.py -> /home/ray/Desktop/ROS-workshop/build/dynamic_transform_example/build/lib/dynamic_transform_example
[0.710s] copying dynamic_transform_example/__init__.py -> /home/ray/Desktop/ROS-workshop/build/dynamic_transform_example/build/lib/dynamic_transform_example
[0.710s] running install
[0.710s] running install_lib
[0.711s] creating /home/ray/Desktop/ROS-workshop/install/dynamic_transform_example/lib/python3.10/site-packages/dynamic_transform_example
[0.711s] copying /home/ray/Desktop/ROS-workshop/build/dynamic_transform_example/build/lib/dynamic_transform_example/main.py -> /home/ray/Desktop/ROS-workshop/install/dynamic_transform_example/lib/python3.10/site-packages/dynamic_transform_example
[0.711s] copying /home/ray/Desktop/ROS-workshop/build/dynamic_transform_example/build/lib/dynamic_transform_example/__init__.py -> /home/ray/Desktop/ROS-workshop/install/dynamic_transform_example/lib/python3.10/site-packages/dynamic_transform_example
[0.711s] byte-compiling /home/ray/Desktop/ROS-workshop/install/dynamic_transform_example/lib/python3.10/site-packages/dynamic_transform_example/main.py to main.cpython-310.pyc
[0.711s] byte-compiling /home/ray/Desktop/ROS-workshop/install/dynamic_transform_example/lib/python3.10/site-packages/dynamic_transform_example/__init__.py to __init__.cpython-310.pyc
[0.711s] running install_data
[0.711s] copying package.xml -> /home/ray/Desktop/ROS-workshop/install/dynamic_transform_example/share/dynamic_transform_example
[0.711s] copying launch/display.launch.py -> /home/ray/Desktop/ROS-workshop/install/dynamic_transform_example/share/dynamic_transform_example
[0.711s] copying launch/rviz_config.rviz -> /home/ray/Desktop/ROS-workshop/install/dynamic_transform_example/share/dynamic_transform_example
[0.711s] running install_egg_info
[0.713s] Copying ../../build/dynamic_transform_example/dynamic_transform_example.egg-info to /home/ray/Desktop/ROS-workshop/install/dynamic_transform_example/lib/python3.10/site-packages/dynamic_transform_example-0.0.0-py3.10.egg-info
[0.713s] running install_scripts
[0.726s] Installing dynamic_transform_example script to /home/ray/Desktop/ROS-workshop/install/dynamic_transform_example/lib/dynamic_transform_example
[0.726s] writing list of installed files to '/home/ray/Desktop/ROS-workshop/build/dynamic_transform_example/install.log'
[0.748s] Invoked command in '/home/ray/Desktop/ROS-workshop/src/dynamic_transform_example' returned '0': PYTHONPATH=/home/ray/Desktop/ROS-workshop/build/dynamic_transform_example/prefix_override:/usr/lib/python3/dist-packages/colcon_core/task/python/colcon_distutils_commands:/home/ray/Desktop/ROS-workshop/install/dynamic_transform_example/lib/python3.10/site-packages:${PYTHONPATH} /usr/bin/python3 -W ignore:setup.py install is deprecated -W ignore:easy_install command is deprecated setup.py egg_info --egg-base ../../build/dynamic_transform_example build --build-base /home/ray/Desktop/ROS-workshop/build/dynamic_transform_example/build install --record /home/ray/Desktop/ROS-workshop/build/dynamic_transform_example/install.log --single-version-externally-managed install_data
